<?xml version="1.0" encoding="UTF-8"?>
<!-- Generated by org.testng.reporters.JUnitXMLReporter -->
<testsuite hostname="DESKTOP-QCV819S" ignored="0" name="Regression2" tests="3" failures="0" timestamp="2022-04-16T09:43:09 IST" time="25.134" errors="0">
  <testcase name="signUp" time="1.829" classname="tests.SignUpTest"/>
  <testcase name="verify_Login" time="0.829" classname="tests.LogInTest"/>
  <testcase name="verifyOTP" time="1.496" classname="tests.LogInTest"/>
</testsuite> <!-- Regression2 -->
